# JRE version: Java(TM) SE Runtime Environment (8.0_91-b14) (build 1.8.0_91-b14)
# Java VM: Java HotSpot(TM) 64-Bit Server VM (25.91-b14 mixed mode bsd-amd64 compressed oops)
Heap:
 PSYoungGen      total 334848K, used 80316K [0x0000000795580000, 0x00000007b0500000, 0x00000007c0000000)
  eden space 238080K, 3% used [0x0000000795580000,0x0000000795db2698,0x00000007a3e00000)
  from space 96768K, 74% used [0x00000007aa600000,0x00000007aec3cb68,0x00000007b0480000)
  to   space 101888K, 0% used [0x00000007a3e00000,0x00000007a3e00000,0x00000007aa180000)
 ParOldGen       total 103424K, used 69059K [0x0000000740000000, 0x0000000746500000, 0x0000000795580000)
  object space 103424K, 66% used [0x0000000740000000,0x0000000744370e90,0x0000000746500000)
 Metaspace       used 45554K, capacity 46126K, committed 46376K, reserved 1089536K
  class space    used 6223K, capacity 6362K, committed 6440K, reserved 1048576K
GC Heap History (10 events):
Event: 909.501 GC heap before
{Heap before GC invocations=22 (full 2):
 PSYoungGen      total 313856K, used 292036K [0x0000000795580000, 0x00000007b0900000, 0x00000007c0000000)
  eden space 232960K, 99% used [0x0000000795580000,0x00000007a38f5c50,0x00000007a3900000)
  from space 80896K, 73% used [0x00000007a3900000,0x00000007a72bb518,0x00000007a8800000)
  to   space 86016K, 0% used [0x00000007ab500000,0x00000007ab500000,0x00000007b0900000)
 ParOldGen       total 103424K, used 69027K [0x0000000740000000, 0x0000000746500000, 0x0000000795580000)
  object space 103424K, 66% used [0x0000000740000000,0x0000000744368e90,0x0000000746500000)
 Metaspace       used 44640K, capacity 45274K, committed 45480K, reserved 1089536K
  class space    used 6164K, capacity 6294K, committed 6312K, reserved 1048576K
Event: 909.790 GC heap after
Heap after GC invocations=22 (full 2):
 PSYoungGen      total 353792K, used 58443K [0x0000000795580000, 0x00000007b0900000, 0x00000007c0000000)
  eden space 267776K, 0% used [0x0000000795580000,0x0000000795580000,0x00000007a5b00000)
  from space 86016K, 67% used [0x00000007ab500000,0x00000007aee12e48,0x00000007b0900000)
  to   space 89088K, 0% used [0x00000007a5b00000,0x00000007a5b00000,0x00000007ab200000)
 ParOldGen       total 103424K, used 69035K [0x0000000740000000, 0x0000000746500000, 0x0000000795580000)
  object space 103424K, 66% used [0x0000000740000000,0x000000074436ae90,0x0000000746500000)
 Metaspace       used 44640K, capacity 45274K, committed 45480K, reserved 1089536K
  class space    used 6164K, capacity 6294K, committed 6312K, reserved 1048576K
}
Event: 7982.989 GC heap before
{Heap before GC invocations=23 (full 2):
 PSYoungGen      total 353792K, used 326219K [0x0000000795580000, 0x00000007b0900000, 0x00000007c0000000)
  eden space 267776K, 100% used [0x0000000795580000,0x00000007a5b00000,0x00000007a5b00000)
  from space 86016K, 67% used [0x00000007ab500000,0x00000007aee12e48,0x00000007b0900000)
  to   space 89088K, 0% used [0x00000007a5b00000,0x00000007a5b00000,0x00000007ab200000)
 ParOldGen       total 103424K, used 69035K [0x0000000740000000, 0x0000000746500000, 0x0000000795580000)
  object space 103424K, 66% used [0x0000000740000000,0x000000074436ae90,0x0000000746500000)
 Metaspace       used 44986K, capacity 45568K, committed 45864K, reserved 1089536K
  class space    used 6192K, capacity 6327K, committed 6440K, reserved 1048576K
Event: 7983.164 GC heap after
Heap after GC invocations=23 (full 2):
 PSYoungGen      total 356864K, used 61709K [0x0000000795580000, 0x00000007b3080000, 0x00000007c0000000)
  eden space 267776K, 0% used [0x0000000795580000,0x0000000795580000,0x00000007a5b00000)
  from space 89088K, 69% used [0x00000007a5b00000,0x00000007a97437a8,0x00000007ab200000)
  to   space 92672K, 0% used [0x00000007ad600000,0x00000007ad600000,0x00000007b3080000)
 ParOldGen       total 103424K, used 69043K [0x0000000740000000, 0x0000000746500000, 0x0000000795580000)
  object space 103424K, 66% used [0x0000000740000000,0x000000074436ce90,0x0000000746500000)
 Metaspace       used 44986K, capacity 45568K, committed 45864K, reserved 1089536K
  class space    used 6192K, capacity 6327K, committed 6440K, reserved 1048576K
}
Event: 9379.151 GC heap before
{Heap before GC invocations=24 (full 2):
 PSYoungGen      total 356864K, used 327719K [0x0000000795580000, 0x00000007b3080000, 0x00000007c0000000)
  eden space 267776K, 99% used [0x0000000795580000,0x00000007a5946610,0x00000007a5b00000)
  from space 89088K, 69% used [0x00000007a5b00000,0x00000007a97437a8,0x00000007ab200000)
  to   space 92672K, 0% used [0x00000007ad600000,0x00000007ad600000,0x00000007b3080000)
 ParOldGen       total 103424K, used 69043K [0x0000000740000000, 0x0000000746500000, 0x0000000795580000)
  object space 103424K, 66% used [0x0000000740000000,0x000000074436ce90,0x0000000746500000)
 Metaspace       used 45174K, capacity 45760K, committed 46120K, reserved 1089536K
  class space    used 6193K, capacity 6327K, committed 6440K, reserved 1048576K
Event: 9379.301 GC heap after
Heap after GC invocations=24 (full 2):
 PSYoungGen      total 316928K, used 59205K [0x0000000795580000, 0x00000007b1000000, 0x00000007c0000000)
  eden space 257536K, 0% used [0x0000000795580000,0x0000000795580000,0x00000007a5100000)
  from space 59392K, 99% used [0x00000007ad600000,0x00000007b0fd1468,0x00000007b1000000)
  to   space 94720K, 0% used [0x00000007a5700000,0x00000007a5700000,0x00000007ab380000)
 ParOldGen       total 103424K, used 69051K [0x0000000740000000, 0x0000000746500000, 0x0000000795580000)
  object space 103424K, 66% used [0x0000000740000000,0x000000074436ee90,0x0000000746500000)
 Metaspace       used 45174K, capacity 45760K, committed 46120K, reserved 1089536K
  class space    used 6193K, capacity 6327K, committed 6440K, reserved 1048576K
}
Event: 15044.645 GC heap before
{Heap before GC invocations=25 (full 2):
 PSYoungGen      total 316928K, used 316741K [0x0000000795580000, 0x00000007b1000000, 0x00000007c0000000)
  eden space 257536K, 100% used [0x0000000795580000,0x00000007a5100000,0x00000007a5100000)
  from space 59392K, 99% used [0x00000007ad600000,0x00000007b0fd1468,0x00000007b1000000)
  to   space 94720K, 0% used [0x00000007a5700000,0x00000007a5700000,0x00000007ab380000)
 ParOldGen       total 103424K, used 69051K [0x0000000740000000, 0x0000000746500000, 0x0000000795580000)
  object space 103424K, 66% used [0x0000000740000000,0x000000074436ee90,0x0000000746500000)
 Metaspace       used 45476K, capacity 46062K, committed 46376K, reserved 1089536K
  class space    used 6218K, capacity 6362K, committed 6440K, reserved 1048576K
Event: 15044.873 GC heap after
Heap after GC invocations=25 (full 2):
 PSYoungGen      total 309760K, used 61899K [0x0000000795580000, 0x00000007b0480000, 0x00000007c0000000)
  eden space 247808K, 0% used [0x0000000795580000,0x0000000795580000,0x00000007a4780000)
  from space 61952K, 99% used [0x00000007a5700000,0x00000007a9372f20,0x00000007a9380000)
  to   space 96768K, 0% used [0x00000007aa600000,0x00000007aa600000,0x00000007b0480000)
 ParOldGen       total 103424K, used 69059K [0x0000000740000000, 0x0000000746500000, 0x0000000795580000)
  object space 103424K, 66% used [0x0000000740000000,0x0000000744370e90,0x0000000746500000)
 Metaspace       used 45476K, capacity 46062K, committed 46376K, reserved 1089536K
  class space    used 6218K, capacity 6362K, committed 6440K, reserved 1048576K
}
Event: 23400.862 GC heap before
{Heap before GC invocations=26 (full 2):
 PSYoungGen      total 309760K, used 309707K [0x0000000795580000, 0x00000007b0480000, 0x00000007c0000000)
  eden space 247808K, 100% used [0x0000000795580000,0x00000007a4780000,0x00000007a4780000)
  from space 61952K, 99% used [0x00000007a5700000,0x00000007a9372f20,0x00000007a9380000)
  to   space 96768K, 0% used [0x00000007aa600000,0x00000007aa600000,0x00000007b0480000)
 ParOldGen       total 103424K, used 69059K [0x0000000740000000, 0x0000000746500000, 0x0000000795580000)
  object space 103424K, 66% used [0x0000000740000000,0x0000000744370e90,0x0000000746500000)
 Metaspace       used 45554K, capacity 46126K, committed 46376K, reserved 1089536K
  class space    used 6223K, capacity 6362K, committed 6440K, reserved 1048576K
Event: 23401.376 GC heap after
Heap after GC invocations=26 (full 2):
 PSYoungGen      total 334848K, used 71922K [0x0000000795580000, 0x00000007b0500000, 0x00000007c0000000)
  eden space 238080K, 0% used [0x0000000795580000,0x0000000795580000,0x00000007a3e00000)
  from space 96768K, 74% used [0x00000007aa600000,0x00000007aec3cb68,0x00000007b0480000)
  to   space 101888K, 0% used [0x00000007a3e00000,0x00000007a3e00000,0x00000007aa180000)
 ParOldGen       total 103424K, used 69059K [0x0000000740000000, 0x0000000746500000, 0x0000000795580000)
  object space 103424K, 66% used [0x0000000740000000,0x0000000744370e90,0x0000000746500000)
 Metaspace       used 45554K, capacity 46126K, committed 46376K, reserved 1089536K
  class space    used 6223K, capacity 6362K, committed 6440K, reserved 1048576K
}

